<?xml version="1.0" encoding="UTF-8"?>
<testsuite name="com.truefriend.test.TestApplicationTests" tests="1" skipped="0" failures="0" errors="0" timestamp="2022-11-27T14:19:18" hostname="Alisonui-MacBookPro.local" time="0.316">
  <properties/>
  <testcase name="contextLoads()" classname="com.truefriend.test.TestApplicationTests" time="0.316"/>
  <system-out><![CDATA[23:19:17.286 [Test worker] DEBUG org.springframework.test.context.BootstrapUtils - Instantiating CacheAwareContextLoaderDelegate from class [org.springframework.test.context.cache.DefaultCacheAwareContextLoaderDelegate]
23:19:17.292 [Test worker] DEBUG org.springframework.test.context.BootstrapUtils - Instantiating BootstrapContext using constructor [public org.springframework.test.context.support.DefaultBootstrapContext(java.lang.Class,org.springframework.test.context.CacheAwareContextLoaderDelegate)]
23:19:17.324 [Test worker] DEBUG org.springframework.test.context.BootstrapUtils - Instantiating TestContextBootstrapper for test class [com.truefriend.test.TestApplicationTests] from class [org.springframework.boot.test.context.SpringBootTestContextBootstrapper]
23:19:17.335 [Test worker] INFO org.springframework.boot.test.context.SpringBootTestContextBootstrapper - Neither @ContextConfiguration nor @ContextHierarchy found for test class [com.truefriend.test.TestApplicationTests], using SpringBootContextLoader
23:19:17.338 [Test worker] DEBUG org.springframework.test.context.support.AbstractContextLoader - Did not detect default resource location for test class [com.truefriend.test.TestApplicationTests]: class path resource [com/truefriend/test/TestApplicationTests-context.xml] does not exist
23:19:17.338 [Test worker] DEBUG org.springframework.test.context.support.AbstractContextLoader - Did not detect default resource location for test class [com.truefriend.test.TestApplicationTests]: class path resource [com/truefriend/test/TestApplicationTestsContext.groovy] does not exist
23:19:17.339 [Test worker] INFO org.springframework.test.context.support.AbstractContextLoader - Could not detect default resource locations for test class [com.truefriend.test.TestApplicationTests]: no resource found for suffixes {-context.xml, Context.groovy}.
23:19:17.339 [Test worker] INFO org.springframework.test.context.support.AnnotationConfigContextLoaderUtils - Could not detect default configuration classes for test class [com.truefriend.test.TestApplicationTests]: TestApplicationTests does not declare any static, non-private, non-final, nested classes annotated with @Configuration.
23:19:17.367 [Test worker] DEBUG org.springframework.test.context.support.ActiveProfilesUtils - Could not find an 'annotation declaring class' for annotation type [org.springframework.test.context.ActiveProfiles] and class [com.truefriend.test.TestApplicationTests]
23:19:17.408 [Test worker] DEBUG org.springframework.context.annotation.ClassPathScanningCandidateComponentProvider - Identified candidate component class: file [/Users/alisonjung/Downloads/ELK/Source Code/test-truefriend-regex/build/classes/java/main/com/truefriend/test/TestApplication.class]
23:19:17.409 [Test worker] INFO org.springframework.boot.test.context.SpringBootTestContextBootstrapper - Found @SpringBootConfiguration com.truefriend.test.TestApplication for test class com.truefriend.test.TestApplicationTests
23:19:17.487 [Test worker] DEBUG org.springframework.boot.test.context.SpringBootTestContextBootstrapper - @TestExecutionListeners is not present for class [com.truefriend.test.TestApplicationTests]: using defaults.
23:19:17.487 [Test worker] INFO org.springframework.boot.test.context.SpringBootTestContextBootstrapper - Loaded default TestExecutionListener class names from location [META-INF/spring.factories]: [org.springframework.boot.test.autoconfigure.restdocs.RestDocsTestExecutionListener, org.springframework.boot.test.autoconfigure.web.client.MockRestServiceServerResetTestExecutionListener, org.springframework.boot.test.autoconfigure.web.servlet.MockMvcPrintOnlyOnFailureTestExecutionListener, org.springframework.boot.test.autoconfigure.web.servlet.WebDriverTestExecutionListener, org.springframework.boot.test.autoconfigure.webservices.client.MockWebServiceServerTestExecutionListener, org.springframework.boot.test.mock.mockito.MockitoTestExecutionListener, org.springframework.boot.test.mock.mockito.ResetMocksTestExecutionListener, org.springframework.test.context.web.ServletTestExecutionListener, org.springframework.test.context.support.DirtiesContextBeforeModesTestExecutionListener, org.springframework.test.context.event.ApplicationEventsTestExecutionListener, org.springframework.test.context.support.DependencyInjectionTestExecutionListener, org.springframework.test.context.support.DirtiesContextTestExecutionListener, org.springframework.test.context.transaction.TransactionalTestExecutionListener, org.springframework.test.context.jdbc.SqlScriptsTestExecutionListener, org.springframework.test.context.event.EventPublishingTestExecutionListener]
23:19:17.495 [Test worker] DEBUG org.springframework.boot.test.context.SpringBootTestContextBootstrapper - Skipping candidate TestExecutionListener [org.springframework.test.context.transaction.TransactionalTestExecutionListener] due to a missing dependency. Specify custom listener classes or make the default listener classes and their required dependencies available. Offending class: [org/springframework/transaction/interceptor/TransactionAttributeSource]
23:19:17.495 [Test worker] DEBUG org.springframework.boot.test.context.SpringBootTestContextBootstrapper - Skipping candidate TestExecutionListener [org.springframework.test.context.jdbc.SqlScriptsTestExecutionListener] due to a missing dependency. Specify custom listener classes or make the default listener classes and their required dependencies available. Offending class: [org/springframework/transaction/interceptor/TransactionAttribute]
23:19:17.496 [Test worker] INFO org.springframework.boot.test.context.SpringBootTestContextBootstrapper - Using TestExecutionListeners: [org.springframework.test.context.web.ServletTestExecutionListener@30d4b288, org.springframework.test.context.support.DirtiesContextBeforeModesTestExecutionListener@4cc6fa2a, org.springframework.test.context.event.ApplicationEventsTestExecutionListener@40f1be1b, org.springframework.boot.test.mock.mockito.MockitoTestExecutionListener@7a791b66, org.springframework.boot.test.autoconfigure.SpringBootDependencyInjectionTestExecutionListener@6f2cb653, org.springframework.test.context.support.DirtiesContextTestExecutionListener@14c01636, org.springframework.test.context.event.EventPublishingTestExecutionListener@590c73d3, org.springframework.boot.test.autoconfigure.restdocs.RestDocsTestExecutionListener@6b9ce1bf, org.springframework.boot.test.autoconfigure.web.client.MockRestServiceServerResetTestExecutionListener@61884cb1, org.springframework.boot.test.autoconfigure.web.servlet.MockMvcPrintOnlyOnFailureTestExecutionListener@75ed9710, org.springframework.boot.test.autoconfigure.web.servlet.WebDriverTestExecutionListener@4fc5e095, org.springframework.boot.test.autoconfigure.webservices.client.MockWebServiceServerTestExecutionListener@435871cb, org.springframework.boot.test.mock.mockito.ResetMocksTestExecutionListener@609640d5]
23:19:17.498 [Test worker] DEBUG org.springframework.test.context.support.AbstractDirtiesContextTestExecutionListener - Before test class: context [DefaultTestContext@618c5d94 testClass = TestApplicationTests, testInstance = [null], testMethod = [null], testException = [null], mergedContextConfiguration = [WebMergedContextConfiguration@5b40ceb testClass = TestApplicationTests, locations = '{}', classes = '{class com.truefriend.test.TestApplication}', contextInitializerClasses = '[]', activeProfiles = '{}', propertySourceLocations = '{}', propertySourceProperties = '{org.springframework.boot.test.context.SpringBootTestContextBootstrapper=true}', contextCustomizers = set[org.springframework.boot.test.autoconfigure.actuate.metrics.MetricsExportContextCustomizerFactory$DisableMetricExportContextCustomizer@5a3bc7ed, org.springframework.boot.test.autoconfigure.properties.PropertyMappingContextCustomizer@0, org.springframework.boot.test.autoconfigure.web.servlet.WebDriverContextCustomizerFactory$Customizer@6c4980d3, org.springframework.boot.test.context.filter.ExcludeFilterContextCustomizer@38b27cdc, org.springframework.boot.test.json.DuplicateJsonObjectContextCustomizerFactory$DuplicateJsonObjectContextCustomizer@3e6104fc, org.springframework.boot.test.mock.mockito.MockitoContextCustomizer@0, org.springframework.boot.test.web.client.TestRestTemplateContextCustomizer@2c78d320, org.springframework.boot.test.web.reactive.server.WebTestClientContextCustomizer@d41f816, org.springframework.boot.test.context.SpringBootTestArgs@1, org.springframework.boot.test.context.SpringBootTestWebEnvironment@757277dc], resourceBasePath = 'src/main/webapp', contextLoader = 'org.springframework.boot.test.context.SpringBootContextLoader', parent = [null]], attributes = map['org.springframework.test.context.web.ServletTestExecutionListener.activateListener' -> true]], class annotated with @DirtiesContext [false] with mode [null].

  .   ____          _            __ _ _
 /\\ / ___'_ __ _ _(_)_ __  __ _ \ \ \ \
( ( )\___ | '_ | '_| | '_ \/ _` | \ \ \ \
 \\/  ___)| |_)| | | | | || (_| |  ) ) ) )
  '  |____| .__|_| |_|_| |_\__, | / / / /
 =========|_|==============|___/=/_/_/_/
 :: Spring Boot ::                (v2.7.5)

2022-11-27 23:19:17.744  INFO 7655 --- [    Test worker] c.truefriend.test.TestApplicationTests   : Starting TestApplicationTests using Java 17.0.1 on Alisonui-MacBookPro.local with PID 7655 (started by alisonjung in /Users/alisonjung/Downloads/ELK/Source Code/test-truefriend-regex)
2022-11-27 23:19:17.745  INFO 7655 --- [    Test worker] c.truefriend.test.TestApplicationTests   : No active profile set, falling back to 1 default profile: "default"
2022-11-27 23:19:18.872  INFO 7655 --- [    Test worker] c.truefriend.test.TestApplicationTests   : Started TestApplicationTests in 1.347 seconds (JVM running for 2.102)
]]></system-out>
  <system-err><![CDATA[]]></system-err>
</testsuite>
